<?xml version="1.0" encoding="UTF-8" ?>
<testsuite tests="21" failures="0" name="ch.heigvd.users.api.spec.SpecificationTest" time="0.01" errors="0" skipped="0">
  <properties>
[...]
</properties>
  <testcase classname="Scenario: create a new user" name="Given there is a Users server" time="0.004"/>
  <testcase classname="Scenario: create a new user" name="Given I have a user payload" time="0"/>
  <testcase classname="Scenario: create a new user" name="When I POST it to the /users endpoint" time="0"/>
  <testcase classname="Scenario: create a new user" name="Then I receive a 201 status code" time="0"/>
  <testcase classname="Scenario: create a new user" name="Scenario: create a new user" time="0"/>
  <testcase classname="Scenario: create an already existing user" name="Given there is a Users server" time="0"/>
  <testcase classname="Scenario: create an already existing user" name="Given I have an already existing user payload" time="0"/>
  <testcase classname="Scenario: create an already existing user" name="When I POST it to the /users endpoint" time="0"/>
  <testcase classname="Scenario: create an already existing user" name="Then I receive a 403 status code" time="0"/>
  <testcase classname="Scenario: create an already existing user" name="Scenario: create an already existing user" time="0.003"/>
  <testcase classname="Scenario: login with good credentials" name="Given there is a Users server" time="0.001"/>
  <testcase classname="Scenario: login with good credentials" name="Given I have user credentials payload" time="0"/>
  <testcase classname="Scenario: login with good credentials" name="When I POST it to the /login endpoint" time="0"/>
  <testcase classname="Scenario: login with good credentials" name="Then I receive a 201 status code" time="0"/>
  <testcase classname="Scenario: login with good credentials" name="Then I receive a jwttoken" time="0.001"/>
  <testcase classname="Scenario: login with good credentials" name="Scenario: login with good credentials" time="0.001"/>
  <testcase classname="Scenario: " name="Given there is a Users server" time="0"/>
  <testcase classname="Scenario: " name="Given I have a user jwttoken corresponding to email payload" time="0"/>
  <testcase classname="Scenario: " name="When I POST it to the /users/test@test.com endpoint" time="0"/>
  <testcase classname="Scenario: " name="Then I receive a 201 status code" time="0"/>
  <testcase classname="Scenario: " name="Scenario: " time="0"/>
</testsuite>